c:\users\宗明\documents\visual studio 2015\projects\myvtk\x64\debug\myvtk.pch
c:\users\宗明\documents\visual studio 2015\projects\myvtk\x64\debug\vc140.pdb
c:\users\宗明\documents\visual studio 2015\projects\myvtk\x64\debug\vc140.idb
c:\users\宗明\documents\visual studio 2015\projects\myvtk\x64\debug\stdafx.obj
c:\users\宗明\documents\visual studio 2015\projects\myvtk2\x64\debug\myvtk.pch
c:\users\宗明\documents\visual studio 2015\projects\myvtk2\x64\debug\vc140.pdb
c:\users\宗明\documents\visual studio 2015\projects\myvtk2\x64\debug\vc140.idb
c:\users\宗明\documents\visual studio 2015\projects\myvtk2\x64\debug\stdafx.obj
c:\users\宗明\documents\visual studio 2015\projects\myvtk2\x64\debug\myvtk.obj
c:\users\宗明\documents\visual studio 2015\projects\myvtk\x64\debug\myvtk.ilk
c:\users\宗明\documents\visual studio 2015\projects\myvtk\x64\debug\myvtk.exe
c:\users\宗明\documents\visual studio 2015\projects\myvtk\x64\debug\myvtk.pdb
c:\users\宗明\documents\visual studio 2015\projects\myvtk2\x64\debug\myvtk.ilk
c:\users\宗明\documents\visual studio 2015\projects\myvtk2\x64\debug\myvtk.exe
c:\users\宗明\documents\visual studio 2015\projects\myvtk2\x64\debug\myvtk.pdb
c:\users\宗明\desktop\myvtk2\x64\debug\myvtk.obj
c:\users\宗明\desktop\myvtk2\x64\debug\stdafx.obj
c:\users\宗明\desktop\myvtk2\x64\debug\myvtk.ilk
c:\users\宗明\desktop\myvtk2\x64\debug\myvtk.pch
c:\users\宗明\desktop\myvtk2\x64\debug\vc140.idb
c:\users\宗明\desktop\myvtk2\x64\debug\myvtk.pdb
c:\users\宗明\desktop\myvtk2\x64\debug\vc140.pdb
c:\users\宗明\desktop\myvtk2\x64\debug\myvtk.exe
c:\users\宗明\desktop\myvtk2\x64\debug\myvtk.tlog\cl.command.1.tlog
c:\users\宗明\desktop\myvtk2\x64\debug\myvtk.tlog\cl.read.1.tlog
c:\users\宗明\desktop\myvtk2\x64\debug\myvtk.tlog\cl.write.1.tlog
c:\users\宗明\desktop\myvtk2\x64\debug\myvtk.tlog\link.command.1.tlog
c:\users\宗明\desktop\myvtk2\x64\debug\myvtk.tlog\link.read.1.tlog
c:\users\宗明\desktop\myvtk2\x64\debug\myvtk.tlog\link.write.1.tlog
